{"C:\\Users\\User\\Desktop\\School Winter 2021\\Software Dev\\Microbit repo\\cst8334-21w-310-team-4\\VisualizationForTest.js": {"path":"C:\\Users\\User\\Desktop\\School Winter 2021\\Software Dev\\Microbit repo\\cst8334-21w-310-team-4\\VisualizationForTest.js","statementMap":{"0":{"start":{"line":16,"column":4},"end":{"line":38,"column":28}},"1":{"start":{"line":17,"column":8},"end":{"line":17,"column":25}},"2":{"start":{"line":18,"column":11},"end":{"line":38,"column":28}},"3":{"start":{"line":19,"column":8},"end":{"line":19,"column":25}},"4":{"start":{"line":20,"column":11},"end":{"line":38,"column":28}},"5":{"start":{"line":21,"column":8},"end":{"line":21,"column":25}},"6":{"start":{"line":22,"column":11},"end":{"line":38,"column":28}},"7":{"start":{"line":23,"column":8},"end":{"line":23,"column":25}},"8":{"start":{"line":24,"column":11},"end":{"line":38,"column":28}},"9":{"start":{"line":25,"column":8},"end":{"line":25,"column":25}},"10":{"start":{"line":26,"column":11},"end":{"line":38,"column":28}},"11":{"start":{"line":27,"column":8},"end":{"line":27,"column":25}},"12":{"start":{"line":28,"column":11},"end":{"line":38,"column":28}},"13":{"start":{"line":29,"column":8},"end":{"line":29,"column":25}},"14":{"start":{"line":30,"column":11},"end":{"line":38,"column":28}},"15":{"start":{"line":31,"column":8},"end":{"line":31,"column":25}},"16":{"start":{"line":32,"column":11},"end":{"line":38,"column":28}},"17":{"start":{"line":33,"column":8},"end":{"line":33,"column":25}},"18":{"start":{"line":34,"column":11},"end":{"line":38,"column":28}},"19":{"start":{"line":35,"column":8},"end":{"line":35,"column":25}},"20":{"start":{"line":36,"column":11},"end":{"line":38,"column":28}},"21":{"start":{"line":37,"column":8},"end":{"line":37,"column":25}},"22":{"start":{"line":38,"column":11},"end":{"line":38,"column":28}},"23":{"start":{"line":41,"column":0},"end":{"line":41,"column":33}}},"fnMap":{"0":{"name":"getCircleColour","decl":{"start":{"line":1,"column":9},"end":{"line":1,"column":24}},"loc":{"start":{"line":1,"column":31},"end":{"line":40,"column":1}},"line":1}},"branchMap":{"0":{"loc":{"start":{"line":16,"column":4},"end":{"line":38,"column":28}},"type":"if","locations":[{"start":{"line":16,"column":4},"end":{"line":38,"column":28}},{"start":{"line":16,"column":4},"end":{"line":38,"column":28}}],"line":16},"1":{"loc":{"start":{"line":18,"column":11},"end":{"line":38,"column":28}},"type":"if","locations":[{"start":{"line":18,"column":11},"end":{"line":38,"column":28}},{"start":{"line":18,"column":11},"end":{"line":38,"column":28}}],"line":18},"2":{"loc":{"start":{"line":20,"column":11},"end":{"line":38,"column":28}},"type":"if","locations":[{"start":{"line":20,"column":11},"end":{"line":38,"column":28}},{"start":{"line":20,"column":11},"end":{"line":38,"column":28}}],"line":20},"3":{"loc":{"start":{"line":22,"column":11},"end":{"line":38,"column":28}},"type":"if","locations":[{"start":{"line":22,"column":11},"end":{"line":38,"column":28}},{"start":{"line":22,"column":11},"end":{"line":38,"column":28}}],"line":22},"4":{"loc":{"start":{"line":24,"column":11},"end":{"line":38,"column":28}},"type":"if","locations":[{"start":{"line":24,"column":11},"end":{"line":38,"column":28}},{"start":{"line":24,"column":11},"end":{"line":38,"column":28}}],"line":24},"5":{"loc":{"start":{"line":26,"column":11},"end":{"line":38,"column":28}},"type":"if","locations":[{"start":{"line":26,"column":11},"end":{"line":38,"column":28}},{"start":{"line":26,"column":11},"end":{"line":38,"column":28}}],"line":26},"6":{"loc":{"start":{"line":28,"column":11},"end":{"line":38,"column":28}},"type":"if","locations":[{"start":{"line":28,"column":11},"end":{"line":38,"column":28}},{"start":{"line":28,"column":11},"end":{"line":38,"column":28}}],"line":28},"7":{"loc":{"start":{"line":30,"column":11},"end":{"line":38,"column":28}},"type":"if","locations":[{"start":{"line":30,"column":11},"end":{"line":38,"column":28}},{"start":{"line":30,"column":11},"end":{"line":38,"column":28}}],"line":30},"8":{"loc":{"start":{"line":32,"column":11},"end":{"line":38,"column":28}},"type":"if","locations":[{"start":{"line":32,"column":11},"end":{"line":38,"column":28}},{"start":{"line":32,"column":11},"end":{"line":38,"column":28}}],"line":32},"9":{"loc":{"start":{"line":34,"column":11},"end":{"line":38,"column":28}},"type":"if","locations":[{"start":{"line":34,"column":11},"end":{"line":38,"column":28}},{"start":{"line":34,"column":11},"end":{"line":38,"column":28}}],"line":34},"10":{"loc":{"start":{"line":36,"column":11},"end":{"line":38,"column":28}},"type":"if","locations":[{"start":{"line":36,"column":11},"end":{"line":38,"column":28}},{"start":{"line":36,"column":11},"end":{"line":38,"column":28}}],"line":36}},"s":{"0":11,"1":1,"2":10,"3":1,"4":9,"5":1,"6":8,"7":1,"8":7,"9":1,"10":6,"11":1,"12":5,"13":1,"14":4,"15":1,"16":3,"17":1,"18":2,"19":1,"20":1,"21":1,"22":0,"23":1},"f":{"0":11},"b":{"0":[1,10],"1":[1,9],"2":[1,8],"3":[1,7],"4":[1,6],"5":[1,5],"6":[1,4],"7":[1,3],"8":[1,2],"9":[1,1],"10":[1,0]},"_coverageSchema":"1a1c01bbd47fc00a2c39e90264f33305004495a9","hash":"34d644c6d3713a5f19286e6ef10a542cd9c8d6c9"}
,"C:\\Users\\User\\Desktop\\School Winter 2021\\Software Dev\\Microbit repo\\cst8334-21w-310-team-4\\VisualizationForTestCB.js": {"path":"C:\\Users\\User\\Desktop\\School Winter 2021\\Software Dev\\Microbit repo\\cst8334-21w-310-team-4\\VisualizationForTestCB.js","statementMap":{"0":{"start":{"line":16,"column":4},"end":{"line":38,"column":28}},"1":{"start":{"line":17,"column":8},"end":{"line":17,"column":25}},"2":{"start":{"line":18,"column":11},"end":{"line":38,"column":28}},"3":{"start":{"line":19,"column":8},"end":{"line":19,"column":25}},"4":{"start":{"line":20,"column":11},"end":{"line":38,"column":28}},"5":{"start":{"line":21,"column":8},"end":{"line":21,"column":25}},"6":{"start":{"line":22,"column":11},"end":{"line":38,"column":28}},"7":{"start":{"line":23,"column":8},"end":{"line":23,"column":25}},"8":{"start":{"line":24,"column":11},"end":{"line":38,"column":28}},"9":{"start":{"line":25,"column":8},"end":{"line":25,"column":25}},"10":{"start":{"line":26,"column":11},"end":{"line":38,"column":28}},"11":{"start":{"line":27,"column":8},"end":{"line":27,"column":25}},"12":{"start":{"line":28,"column":11},"end":{"line":38,"column":28}},"13":{"start":{"line":29,"column":8},"end":{"line":29,"column":25}},"14":{"start":{"line":30,"column":11},"end":{"line":38,"column":28}},"15":{"start":{"line":31,"column":8},"end":{"line":31,"column":25}},"16":{"start":{"line":32,"column":11},"end":{"line":38,"column":28}},"17":{"start":{"line":33,"column":8},"end":{"line":33,"column":25}},"18":{"start":{"line":34,"column":11},"end":{"line":38,"column":28}},"19":{"start":{"line":35,"column":8},"end":{"line":35,"column":25}},"20":{"start":{"line":36,"column":11},"end":{"line":38,"column":28}},"21":{"start":{"line":37,"column":8},"end":{"line":37,"column":25}},"22":{"start":{"line":38,"column":11},"end":{"line":38,"column":28}},"23":{"start":{"line":41,"column":0},"end":{"line":41,"column":35}}},"fnMap":{"0":{"name":"getCircleColourCB","decl":{"start":{"line":1,"column":9},"end":{"line":1,"column":26}},"loc":{"start":{"line":1,"column":33},"end":{"line":40,"column":1}},"line":1}},"branchMap":{"0":{"loc":{"start":{"line":16,"column":4},"end":{"line":38,"column":28}},"type":"if","locations":[{"start":{"line":16,"column":4},"end":{"line":38,"column":28}},{"start":{"line":16,"column":4},"end":{"line":38,"column":28}}],"line":16},"1":{"loc":{"start":{"line":18,"column":11},"end":{"line":38,"column":28}},"type":"if","locations":[{"start":{"line":18,"column":11},"end":{"line":38,"column":28}},{"start":{"line":18,"column":11},"end":{"line":38,"column":28}}],"line":18},"2":{"loc":{"start":{"line":20,"column":11},"end":{"line":38,"column":28}},"type":"if","locations":[{"start":{"line":20,"column":11},"end":{"line":38,"column":28}},{"start":{"line":20,"column":11},"end":{"line":38,"column":28}}],"line":20},"3":{"loc":{"start":{"line":22,"column":11},"end":{"line":38,"column":28}},"type":"if","locations":[{"start":{"line":22,"column":11},"end":{"line":38,"column":28}},{"start":{"line":22,"column":11},"end":{"line":38,"column":28}}],"line":22},"4":{"loc":{"start":{"line":24,"column":11},"end":{"line":38,"column":28}},"type":"if","locations":[{"start":{"line":24,"column":11},"end":{"line":38,"column":28}},{"start":{"line":24,"column":11},"end":{"line":38,"column":28}}],"line":24},"5":{"loc":{"start":{"line":26,"column":11},"end":{"line":38,"column":28}},"type":"if","locations":[{"start":{"line":26,"column":11},"end":{"line":38,"column":28}},{"start":{"line":26,"column":11},"end":{"line":38,"column":28}}],"line":26},"6":{"loc":{"start":{"line":28,"column":11},"end":{"line":38,"column":28}},"type":"if","locations":[{"start":{"line":28,"column":11},"end":{"line":38,"column":28}},{"start":{"line":28,"column":11},"end":{"line":38,"column":28}}],"line":28},"7":{"loc":{"start":{"line":30,"column":11},"end":{"line":38,"column":28}},"type":"if","locations":[{"start":{"line":30,"column":11},"end":{"line":38,"column":28}},{"start":{"line":30,"column":11},"end":{"line":38,"column":28}}],"line":30},"8":{"loc":{"start":{"line":32,"column":11},"end":{"line":38,"column":28}},"type":"if","locations":[{"start":{"line":32,"column":11},"end":{"line":38,"column":28}},{"start":{"line":32,"column":11},"end":{"line":38,"column":28}}],"line":32},"9":{"loc":{"start":{"line":34,"column":11},"end":{"line":38,"column":28}},"type":"if","locations":[{"start":{"line":34,"column":11},"end":{"line":38,"column":28}},{"start":{"line":34,"column":11},"end":{"line":38,"column":28}}],"line":34},"10":{"loc":{"start":{"line":36,"column":11},"end":{"line":38,"column":28}},"type":"if","locations":[{"start":{"line":36,"column":11},"end":{"line":38,"column":28}},{"start":{"line":36,"column":11},"end":{"line":38,"column":28}}],"line":36}},"s":{"0":11,"1":1,"2":10,"3":1,"4":9,"5":1,"6":8,"7":1,"8":7,"9":1,"10":6,"11":1,"12":5,"13":1,"14":4,"15":1,"16":3,"17":1,"18":2,"19":1,"20":1,"21":1,"22":0,"23":1},"f":{"0":11},"b":{"0":[1,10],"1":[1,9],"2":[1,8],"3":[1,7],"4":[1,6],"5":[1,5],"6":[1,4],"7":[1,3],"8":[1,2],"9":[1,1],"10":[1,0]},"_coverageSchema":"1a1c01bbd47fc00a2c39e90264f33305004495a9","hash":"e73ffb9719689e977ee65a5238990b3cecf2d080"}
}
