TN:
SF:VisualizationForTest.js
FN:1,getCircleColour
FNF:1
FNH:1
FNDA:11,getCircleColour
DA:16,11
DA:17,1
DA:18,10
DA:19,1
DA:20,9
DA:21,1
DA:22,8
DA:23,1
DA:24,7
DA:25,1
DA:26,6
DA:27,1
DA:28,5
DA:29,1
DA:30,4
DA:31,1
DA:32,3
DA:33,1
DA:34,2
DA:35,1
DA:36,1
DA:37,1
DA:38,0
DA:41,1
LF:24
LH:23
BRDA:16,0,0,1
BRDA:16,0,1,10
BRDA:18,1,0,1
BRDA:18,1,1,9
BRDA:20,2,0,1
BRDA:20,2,1,8
BRDA:22,3,0,1
BRDA:22,3,1,7
BRDA:24,4,0,1
BRDA:24,4,1,6
BRDA:26,5,0,1
BRDA:26,5,1,5
BRDA:28,6,0,1
BRDA:28,6,1,4
BRDA:30,7,0,1
BRDA:30,7,1,3
BRDA:32,8,0,1
BRDA:32,8,1,2
BRDA:34,9,0,1
BRDA:34,9,1,1
BRDA:36,10,0,1
BRDA:36,10,1,0
BRF:22
BRH:21
end_of_record
TN:
SF:VisualizationForTestCB.js
FN:1,getCircleColourCB
FNF:1
FNH:1
FNDA:11,getCircleColourCB
DA:16,11
DA:17,1
DA:18,10
DA:19,1
DA:20,9
DA:21,1
DA:22,8
DA:23,1
DA:24,7
DA:25,1
DA:26,6
DA:27,1
DA:28,5
DA:29,1
DA:30,4
DA:31,1
DA:32,3
DA:33,1
DA:34,2
DA:35,1
DA:36,1
DA:37,1
DA:38,0
DA:41,1
LF:24
LH:23
BRDA:16,0,0,1
BRDA:16,0,1,10
BRDA:18,1,0,1
BRDA:18,1,1,9
BRDA:20,2,0,1
BRDA:20,2,1,8
BRDA:22,3,0,1
BRDA:22,3,1,7
BRDA:24,4,0,1
BRDA:24,4,1,6
BRDA:26,5,0,1
BRDA:26,5,1,5
BRDA:28,6,0,1
BRDA:28,6,1,4
BRDA:30,7,0,1
BRDA:30,7,1,3
BRDA:32,8,0,1
BRDA:32,8,1,2
BRDA:34,9,0,1
BRDA:34,9,1,1
BRDA:36,10,0,1
BRDA:36,10,1,0
BRF:22
BRH:21
end_of_record
